<?xml version="1.0" encoding="UTF-8"?>
<!-- Generated by org.testng.reporters.JUnitReportReporter -->
<testsuite hostname="Kaustav" failures="0" tests="1" name="urbanLadder.Link1" time="1.279" errors="0" timestamp="2021-09-24T18:21:52 IST" skipped="0">
  <testcase classname="urbanLadder.Link1" name="validateOption" time="1.279"/>
  <system-out/>
</testsuite> <!-- urbanLadder.Link1 -->
