<?xml version="1.0" encoding="UTF-8"?>
<!-- Generated by org.testng.reporters.JUnitReportReporter -->
<testsuite hostname="BT1704188" failures="0" tests="1" name="Academy.validateTitle" time="0.036" errors="0" timestamp="2021-09-06T12:00:15 IST" skipped="0">
  <testcase classname="Academy.validateTitle" name="validateAppTitle" time="0.036"/>
  <system-out/>
</testsuite> <!-- Academy.validateTitle -->
