<?xml version="1.0" encoding="UTF-8"?>
<!-- Generated by org.testng.reporters.JUnitReportReporter -->
<testsuite hostname="Kaustav" failures="0" tests="2" name="Academy.Homepage" time="7.690" errors="0" timestamp="2021-09-08T12:14:18 IST" skipped="0">
  <testcase classname="Academy.Homepage" name="basePageNavigation" time="5.448"/>
  <system-out/>
  <testcase classname="Academy.Homepage" name="basePageNavigation" time="2.242"/>
  <system-out/>
</testsuite> <!-- Academy.Homepage -->
