<?xml version="1.0" encoding="UTF-8"?>
<!-- Generated by org.testng.reporters.JUnitReportReporter -->
<testsuite hostname="Kaustav" failures="0" tests="1" name="urbanLadder.validateNavigationBar" time="7.618" errors="0" timestamp="2021-09-23T12:52:22 IST" skipped="0">
  <testcase classname="urbanLadder.validateNavigationBar" name="validateAppNavBar" time="7.618"/>
  <system-out/>
</testsuite> <!-- urbanLadder.validateNavigationBar -->
