<?xml version="1.0" encoding="UTF-8"?>
<!-- Generated by org.testng.reporters.JUnitReportReporter -->
<testsuite hostname="Kaustav" failures="0" tests="1" name="Academy.validateDisplay" time="0.035" errors="0" timestamp="2021-09-08T12:14:18 IST" skipped="0">
  <testcase classname="Academy.validateDisplay" name="validateAppTextDisp" time="0.035"/>
  <system-out/>
</testsuite> <!-- Academy.validateDisplay -->
