<?xml version="1.0" encoding="UTF-8"?>
<!-- Generated by org.testng.reporters.JUnitReportReporter -->
<testsuite hostname="Kaustav" failures="0" tests="1" name="urbanLadder.Header2" time="6.889" errors="0" timestamp="2021-09-24T18:21:52 IST" skipped="0">
  <testcase classname="urbanLadder.Header2" name="validateAddress" time="6.889"/>
  <system-out/>
</testsuite> <!-- urbanLadder.Header2 -->
