<?xml version="1.0" encoding="UTF-8"?>
<!-- Generated by org.testng.reporters.JUnitReportReporter -->
<testsuite hostname="Kaustav" failures="0" tests="2" name="urbanLadder.TrackOrder" time="15.018" errors="0" timestamp="2021-09-24T18:21:52 IST" skipped="0">
  <testcase classname="urbanLadder.TrackOrder" name="validateButton" time="6.399"/>
  <system-out/>
  <testcase classname="urbanLadder.TrackOrder" name="validateButton" time="8.619"/>
  <system-out/>
</testsuite> <!-- urbanLadder.TrackOrder -->
